<?xml version="1.0" encoding="UTF-8"?>
<!-- Generated by org.testng.reporters.JUnitXMLReporter -->
<testsuite ignored="0" hostname="DESKTOP-1B17E07" failures="0" tests="7" name="Test" time="26.104" errors="0" timestamp="2024-08-27T21:08:01 IST">
  <testcase classname="TestNG_Examples.Login_Functionality" name="login" time="20.653"/>
  <testcase classname="TestNG_Examples.Login_Functionality" name="title" time="0.031"/>
  <testcase classname="TestNG_Examples.Login_Functionality" name="url" time="0.016"/>
  <testcase classname="TestNG_Examples.TestNG_EX1" name="m1" time="0.001"/>
  <testcase classname="TestNG_Examples.TestNgg_Example1" name="m1" time="0.002"/>
  <testcase classname="TestNG_Examples.TestNG_Ex2" name="m3" time="0.002"/>
  <testcase classname="TestNG_Examples.TestNG_Ex2" name="m2" time="0.002"/>
</testsuite> <!-- Test -->
