<?xml version="1.0" encoding="UTF-8"?>
<testng-results ignored="0" total="1" passed="1" failed="0" skipped="0">
  <reporter-output>
  </reporter-output>
  <suite started-at="2024-08-29T21:04:01 IST" name="Default suite" finished-at="2024-08-29T21:04:15 IST" duration-ms="14156">
    <groups>
    </groups>
    <test started-at="2024-08-29T21:04:01 IST" name="Default test" finished-at="2024-08-29T21:04:15 IST" duration-ms="14156">
      <class name="POM.LoginTest">
        <test-method is-config="true" signature="launch()[pri:0, instance:POM.LoginTest@1caa0244]" started-at="2024-08-29T21:04:01 IST" name="launch" finished-at="2024-08-29T21:04:05 IST" duration-ms="4305" status="PASS">
          <reporter-output>
          </reporter-output>
        </test-method> <!-- launch -->
        <test-method signature="login()[pri:0, instance:POM.LoginTest@1caa0244]" started-at="2024-08-29T21:04:05 IST" name="login" finished-at="2024-08-29T21:04:15 IST" duration-ms="9634" status="PASS">
          <reporter-output>
          </reporter-output>
        </test-method> <!-- login -->
        <test-method is-config="true" signature="close()[pri:0, instance:POM.LoginTest@1caa0244]" started-at="2024-08-29T21:04:15 IST" name="close" finished-at="2024-08-29T21:04:15 IST" duration-ms="137" status="PASS">
          <reporter-output>
          </reporter-output>
        </test-method> <!-- close -->
      </class> <!-- POM.LoginTest -->
    </test> <!-- Default test -->
  </suite> <!-- Default suite -->
</testng-results>
